<?xml version="1.0" encoding="UTF-8"?>
<coverage generated="1636578848803" clover="3.2.0">
  <project timestamp="1636578848804" name="All files">
    <metrics statements="9" coveredstatements="3" conditionals="0" coveredconditionals="0" methods="7" coveredmethods="3" elements="16" coveredelements="6" complexity="0" loc="9" ncloc="9" packages="1" files="1" classes="1"/>
    <file name="crud.js" path="/home/raul/Microverse/Module-2/block-2/to_do_list/src/modules/crud.js">
      <metrics statements="9" coveredstatements="3" conditionals="0" coveredconditionals="0" methods="7" coveredmethods="3"/>
      <line num="2" count="4" type="stmt"/>
      <line num="3" count="4" type="stmt"/>
      <line num="7" count="0" type="stmt"/>
      <line num="11" count="4" type="stmt"/>
      <line num="15" count="0" type="stmt"/>
      <line num="16" count="0" type="stmt"/>
      <line num="17" count="0" type="stmt"/>
      <line num="18" count="0" type="stmt"/>
      <line num="23" count="0" type="stmt"/>
    </file>
  </project>
</coverage>
