{"/home/raul/Microverse/Module-2/block-2/to_do_list/src/modules/crud.js": {"path":"/home/raul/Microverse/Module-2/block-2/to_do_list/src/modules/crud.js","statementMap":{"0":{"start":{"line":2,"column":2},"end":{"line":2,"column":85}},"1":{"start":{"line":3,"column":2},"end":{"line":3,"column":13}},"2":{"start":{"line":7,"column":2},"end":{"line":7,"column":39}},"3":{"start":{"line":11,"column":3},"end":{"line":11,"column":78}},"4":{"start":{"line":11,"column":45},"end":{"line":11,"column":76}},"5":{"start":{"line":15,"column":10},"end":{"line":15,"column":11}},"6":{"start":{"line":16,"column":2},"end":{"line":19,"column":5}},"7":{"start":{"line":17,"column":4},"end":{"line":17,"column":26}},"8":{"start":{"line":18,"column":4},"end":{"line":18,"column":11}},"9":{"start":{"line":23,"column":2},"end":{"line":23,"column":41}}},"fnMap":{"0":{"name":"addTask","decl":{"start":{"line":1,"column":9},"end":{"line":1,"column":16}},"loc":{"start":{"line":1,"column":50},"end":{"line":4,"column":1}},"line":1},"1":{"name":"editDescription","decl":{"start":{"line":6,"column":9},"end":{"line":6,"column":24}},"loc":{"start":{"line":6,"column":50},"end":{"line":8,"column":1}},"line":6},"2":{"name":"deleteTask","decl":{"start":{"line":10,"column":9},"end":{"line":10,"column":19}},"loc":{"start":{"line":10,"column":36},"end":{"line":12,"column":1}},"line":10},"3":{"name":"(anonymous_3)","decl":{"start":{"line":11,"column":21},"end":{"line":11,"column":22}},"loc":{"start":{"line":11,"column":45},"end":{"line":11,"column":76}},"line":11},"4":{"name":"updateTaskIndex","decl":{"start":{"line":14,"column":9},"end":{"line":14,"column":24}},"loc":{"start":{"line":14,"column":30},"end":{"line":20,"column":1}},"line":14},"5":{"name":"(anonymous_5)","decl":{"start":{"line":16,"column":14},"end":{"line":16,"column":15}},"loc":{"start":{"line":16,"column":27},"end":{"line":19,"column":3}},"line":16},"6":{"name":"toogleBoolean","decl":{"start":{"line":22,"column":9},"end":{"line":22,"column":22}},"loc":{"start":{"line":22,"column":32},"end":{"line":24,"column":1}},"line":22}},"branchMap":{},"s":{"0":4,"1":4,"2":0,"3":2,"4":4,"5":0,"6":0,"7":0,"8":0,"9":0},"f":{"0":4,"1":0,"2":2,"3":4,"4":0,"5":0,"6":0},"b":{},"_coverageSchema":"1a1c01bbd47fc00a2c39e90264f33305004495a9","hash":"736f13f250c87ae6a57dfa3e06662377ccef111d"}
}
